{
  "stats": {
    "suites": 12,
    "tests": 41,
    "passes": 26,
    "pending": 0,
    "failures": 15,
    "start": "2021-12-13T19:34:53.668Z",
    "end": "2021-12-13T19:37:40.702Z",
    "duration": 167034,
    "testsRegistered": 41,
    "passPercent": 63.41463414634146,
    "pendingPercent": 0,
    "other": 0,
    "hasOther": false,
    "skipped": 0,
    "hasSkipped": false
  },
  "results": [
    {
      "uuid": "02fae44d-1268-436a-8e7e-9a41125b91a5",
      "title": "",
      "fullFile": "cypress/integration/project.spec.js",
      "file": "cypress/integration/project.spec.js",
      "beforeHooks": [],
      "afterHooks": [],
      "tests": [],
      "suites": [
        {
          "uuid": "3996cc58-780e-41b6-9769-6a54006b18cc",
          "title": "1 - Adicione à página o título \"Paleta de Cores\".",
          "fullFile": "",
          "file": "",
          "beforeHooks": [],
          "afterHooks": [],
          "tests": [
            {
              "title": "Verifica se contém um elemento `h1` com o id `title` com o título correto",
              "fullTitle": "1 - Adicione à página o título \"Paleta de Cores\". Verifica se contém um elemento `h1` com o id `title` com o título correto",
              "timedOut": null,
              "duration": 1835,
              "state": "passed",
              "speed": "slow",
              "pass": true,
              "fail": false,
              "pending": false,
              "context": null,
              "code": "cy.get('h1#title').should('contain.text', 'Paleta de Cores');",
              "err": {},
              "uuid": "976873f6-b260-44fc-b967-c5659a520e63",
              "parentUUID": "3996cc58-780e-41b6-9769-6a54006b18cc",
              "isHook": false,
              "skipped": false
            }
          ],
          "suites": [],
          "passes": [
            "976873f6-b260-44fc-b967-c5659a520e63"
          ],
          "failures": [],
          "pending": [],
          "skipped": [],
          "duration": 1835,
          "root": false,
          "rootEmpty": false,
          "_timeout": 2000
        },
        {
          "uuid": "0664aa3c-df02-4f05-82e4-c27b9b6c6f89",
          "title": "2 - Adicione à página uma paleta de quatro cores distintas.",
          "fullFile": "",
          "file": "",
          "beforeHooks": [],
          "afterHooks": [],
          "tests": [
            {
              "title": "A paleta de cores deve ser um elemento com `id` denominado `color-palette`",
              "fullTitle": "2 - Adicione à página uma paleta de quatro cores distintas. A paleta de cores deve ser um elemento com `id` denominado `color-palette`",
              "timedOut": null,
              "duration": 1169,
              "state": "passed",
              "speed": "slow",
              "pass": true,
              "fail": false,
              "pending": false,
              "context": null,
              "code": "cy.get('#color-palette').should('be.visible');\ncy.get('#color-palette').children('.color');",
              "err": {},
              "uuid": "76c714ba-6191-4df7-bddf-d31a3153c04a",
              "parentUUID": "0664aa3c-df02-4f05-82e4-c27b9b6c6f89",
              "isHook": false,
              "skipped": false
            },
            {
              "title": "Verifica se cada cor individual da paleta de cores possui a `classe` chamada `color`.",
              "fullTitle": "2 - Adicione à página uma paleta de quatro cores distintas. Verifica se cada cor individual da paleta de cores possui a `classe` chamada `color`.",
              "timedOut": null,
              "duration": 1410,
              "state": "passed",
              "speed": "slow",
              "pass": true,
              "fail": false,
              "pending": false,
              "context": null,
              "code": "cy.get('.color').should('have.length', 4).then(function (colors) {\n  for (var i = 0; i < colors.length; i++) {\n    cy.wrap(colors[i]).should('be.visible');\n  }\n});",
              "err": {},
              "uuid": "c52f1384-e70c-4db5-bacc-a8c134789109",
              "parentUUID": "0664aa3c-df02-4f05-82e4-c27b9b6c6f89",
              "isHook": false,
              "skipped": false
            },
            {
              "title": "Verifica se a cor de fundo de cada elemento da paleta é a cor que o elemento representa. **A única cor não permitida na paleta é a cor branca.**",
              "fullTitle": "2 - Adicione à página uma paleta de quatro cores distintas. Verifica se a cor de fundo de cada elemento da paleta é a cor que o elemento representa. **A única cor não permitida na paleta é a cor branca.**",
              "timedOut": null,
              "duration": 904,
              "state": "passed",
              "speed": "slow",
              "pass": true,
              "fail": false,
              "pending": false,
              "context": null,
              "code": "cy.get('.color').each(function (color) {\n  cy.wrap(color).should('have.class', 'color').and('not.have.css', 'background-color', WHITE);\n  cy.wrap(color).should('have.css', 'background-color');\n});",
              "err": {},
              "uuid": "b271dc93-d7c7-4f42-87e9-7d51e5c3214a",
              "parentUUID": "0664aa3c-df02-4f05-82e4-c27b9b6c6f89",
              "isHook": false,
              "skipped": false
            },
            {
              "title": "Verifica se cada elemento da paleta de cores tem uma borda preta, sólida e com 1 pixel de largura;",
              "fullTitle": "2 - Adicione à página uma paleta de quatro cores distintas. Verifica se cada elemento da paleta de cores tem uma borda preta, sólida e com 1 pixel de largura;",
              "timedOut": null,
              "duration": 639,
              "state": "passed",
              "speed": "slow",
              "pass": true,
              "fail": false,
              "pending": false,
              "context": null,
              "code": "cy.get('.color').each(function (color) {\n  cy.wrap(color).and('have.css', 'border', \"1px solid \".concat(BLACK)).and('have.class', 'color');\n});",
              "err": {},
              "uuid": "242158a4-dc62-4d3f-8e8f-b5d59871870f",
              "parentUUID": "0664aa3c-df02-4f05-82e4-c27b9b6c6f89",
              "isHook": false,
              "skipped": false
            },
            {
              "title": "Verifica se a paleta lista todas as cores disponíveis para utilização, lado a lado.",
              "fullTitle": "2 - Adicione à página uma paleta de quatro cores distintas. Verifica se a paleta lista todas as cores disponíveis para utilização, lado a lado.",
              "timedOut": null,
              "duration": 658,
              "state": "passed",
              "speed": "slow",
              "pass": true,
              "fail": false,
              "pending": false,
              "context": null,
              "code": "cy.get('.color').then(function (colors) {\n  for (var index = 1; index < colors.length; index += 1) {\n    var currentColor = colors[index];\n    var previousColor = colors[index - 1];\n    cy.wrap(currentColor).should('be.onTheRightOf', previousColor).and('be.horizontallyAlignedWith', previousColor);\n  }\n});",
              "err": {},
              "uuid": "23c78eeb-c833-4e01-8c6f-009b0f41e615",
              "parentUUID": "0664aa3c-df02-4f05-82e4-c27b9b6c6f89",
              "isHook": false,
              "skipped": false
            },
            {
              "title": "Verifica se a paleta de cores está posicionada abaixo do título 'Paleta de Cores'",
              "fullTitle": "2 - Adicione à página uma paleta de quatro cores distintas. Verifica se a paleta de cores está posicionada abaixo do título 'Paleta de Cores'",
              "timedOut": null,
              "duration": 690,
              "state": "passed",
              "speed": "slow",
              "pass": true,
              "fail": false,
              "pending": false,
              "context": null,
              "code": "cy.get('h1#title').then(function (title) {\n  cy.get('#color-palette').should('be.belowOf', title);\n});",
              "err": {},
              "uuid": "8e0f43fa-1660-4527-9a7c-7d8f1a4236fa",
              "parentUUID": "0664aa3c-df02-4f05-82e4-c27b9b6c6f89",
              "isHook": false,
              "skipped": false
            },
            {
              "title": "Verifica se a paleta de cores não contém cores repetidas.",
              "fullTitle": "2 - Adicione à página uma paleta de quatro cores distintas. Verifica se a paleta de cores não contém cores repetidas.",
              "timedOut": null,
              "duration": 441,
              "state": "passed",
              "speed": "slow",
              "pass": true,
              "fail": false,
              "pending": false,
              "context": null,
              "code": "cy.get('.color').then(function (colors) {\n  var allColors = Array.from(colors).map(function (color) {\n    return Cypress.$(color).css('background-color');\n  });\n  cy.log(allColors);\n  var uniqColors = (0, _toConsumableArray2[\"default\"])(new Set(allColors));\n  cy.log(uniqColors);\n  expect(allColors.length).to.eq(uniqColors.length);\n});",
              "err": {},
              "uuid": "2abb0d23-1674-45dd-9fc8-9bdea48b5b18",
              "parentUUID": "0664aa3c-df02-4f05-82e4-c27b9b6c6f89",
              "isHook": false,
              "skipped": false
            }
          ],
          "suites": [],
          "passes": [
            "76c714ba-6191-4df7-bddf-d31a3153c04a",
            "c52f1384-e70c-4db5-bacc-a8c134789109",
            "b271dc93-d7c7-4f42-87e9-7d51e5c3214a",
            "242158a4-dc62-4d3f-8e8f-b5d59871870f",
            "23c78eeb-c833-4e01-8c6f-009b0f41e615",
            "8e0f43fa-1660-4527-9a7c-7d8f1a4236fa",
            "2abb0d23-1674-45dd-9fc8-9bdea48b5b18"
          ],
          "failures": [],
          "pending": [],
          "skipped": [],
          "duration": 5911,
          "root": false,
          "rootEmpty": false,
          "_timeout": 2000
        },
        {
          "uuid": "76971b4b-a284-4711-a29d-5ec3222c4310",
          "title": "3 - Adicione a cor **preta** como a primeira cor da paleta de cores.",
          "fullFile": "",
          "file": "",
          "beforeHooks": [],
          "afterHooks": [],
          "tests": [
            {
              "title": "Verifica se a primeira cor da paleta é preta",
              "fullTitle": "3 - Adicione a cor **preta** como a primeira cor da paleta de cores. Verifica se a primeira cor da paleta é preta",
              "timedOut": null,
              "duration": 762,
              "state": "passed",
              "speed": "slow",
              "pass": true,
              "fail": false,
              "pending": false,
              "context": null,
              "code": "cy.get('.color').first().should('have.css', 'background-color', BLACK);",
              "err": {},
              "uuid": "6f567ccf-1af6-4f84-928b-c94fa974c1ca",
              "parentUUID": "76971b4b-a284-4711-a29d-5ec3222c4310",
              "isHook": false,
              "skipped": false
            },
            {
              "title": "Verifica se as demais cores podem ser escolhidas livremente.",
              "fullTitle": "3 - Adicione a cor **preta** como a primeira cor da paleta de cores. Verifica se as demais cores podem ser escolhidas livremente.",
              "timedOut": null,
              "duration": 1438,
              "state": "passed",
              "speed": "slow",
              "pass": true,
              "fail": false,
              "pending": false,
              "context": null,
              "code": "cy.get('.color').eq(1).should('not.have.css', 'background-color', BLACK);\ncy.get('.color').eq(1).should('not.have.css', 'background-color', WHITE);\ncy.get('.color').eq(1).should('not.have.css', 'background-color', 'rgba(0, 0, 0, 0)');\ncy.get('.color').eq(1).should('have.css', 'background-color');\ncy.get('.color').eq(2).should('not.have.css', 'background-color', BLACK);\ncy.get('.color').eq(2).should('not.have.css', 'background-color', WHITE);\ncy.get('.color').eq(2).should('not.have.css', 'background-color', 'rgba(0, 0, 0, 0)');\ncy.get('.color').eq(2).should('have.css', 'background-color');\ncy.get('.color').eq(3).should('not.have.css', 'background-color', BLACK);\ncy.get('.color').eq(3).should('not.have.css', 'background-color', WHITE);\ncy.get('.color').eq(3).should('not.have.css', 'background-color', 'rgba(0, 0, 0, 0)');\ncy.get('.color').eq(3).should('have.css', 'background-color');",
              "err": {},
              "uuid": "cd32809d-6205-4de6-85aa-40d6fcd66960",
              "parentUUID": "76971b4b-a284-4711-a29d-5ec3222c4310",
              "isHook": false,
              "skipped": false
            }
          ],
          "suites": [],
          "passes": [
            "6f567ccf-1af6-4f84-928b-c94fa974c1ca",
            "cd32809d-6205-4de6-85aa-40d6fcd66960"
          ],
          "failures": [],
          "pending": [],
          "skipped": [],
          "duration": 2200,
          "root": false,
          "rootEmpty": false,
          "_timeout": 2000
        },
        {
          "uuid": "3e456757-ff2f-4bb6-9246-7d7a23485209",
          "title": "4 - Adicione à página um quadro de pixels, com 25 pixels.",
          "fullFile": "",
          "file": "",
          "beforeHooks": [],
          "afterHooks": [],
          "tests": [
            {
              "title": "Verifica se o quadro de pixels possui o `id` denominado `pixel-board`",
              "fullTitle": "4 - Adicione à página um quadro de pixels, com 25 pixels. Verifica se o quadro de pixels possui o `id` denominado `pixel-board`",
              "timedOut": null,
              "duration": 629,
              "state": "passed",
              "speed": "slow",
              "pass": true,
              "fail": false,
              "pending": false,
              "context": null,
              "code": "cy.get('#pixel-board').should('be.visible');",
              "err": {},
              "uuid": "9edfd8e8-f17d-4db3-854b-1c64b146553c",
              "parentUUID": "3e456757-ff2f-4bb6-9246-7d7a23485209",
              "isHook": false,
              "skipped": false
            },
            {
              "title": "Verifica se cada pixel individual dentro do quadro possui a `classe` denominada `pixel`.",
              "fullTitle": "4 - Adicione à página um quadro de pixels, com 25 pixels. Verifica se cada pixel individual dentro do quadro possui a `classe` denominada `pixel`.",
              "timedOut": null,
              "duration": 625,
              "state": "passed",
              "speed": "slow",
              "pass": true,
              "fail": false,
              "pending": false,
              "context": null,
              "code": "cy.get('.pixel').should('have.length', 25);",
              "err": {},
              "uuid": "c7a18974-537f-4a7b-a2aa-fa5d7247d88c",
              "parentUUID": "3e456757-ff2f-4bb6-9246-7d7a23485209",
              "isHook": false,
              "skipped": false
            },
            {
              "title": "Verifica se a cor inicial dos pixels dentro do quadro, ao abrir a página, é branca.",
              "fullTitle": "4 - Adicione à página um quadro de pixels, com 25 pixels. Verifica se a cor inicial dos pixels dentro do quadro, ao abrir a página, é branca.",
              "timedOut": null,
              "duration": 1086,
              "state": "passed",
              "speed": "slow",
              "pass": true,
              "fail": false,
              "pending": false,
              "context": null,
              "code": "cy.get('.pixel').should('have.length', 25).each(function (pixel) {\n  expect(pixel).to.have.css('background-color', WHITE);\n});",
              "err": {},
              "uuid": "da27d05f-4e21-4755-adff-c4628cd14518",
              "parentUUID": "3e456757-ff2f-4bb6-9246-7d7a23485209",
              "isHook": false,
              "skipped": false
            },
            {
              "title": "Verifica se o quadro de pixels aparece abaixo da paleta de cores",
              "fullTitle": "4 - Adicione à página um quadro de pixels, com 25 pixels. Verifica se o quadro de pixels aparece abaixo da paleta de cores",
              "timedOut": null,
              "duration": 588,
              "state": "passed",
              "speed": "slow",
              "pass": true,
              "fail": false,
              "pending": false,
              "context": null,
              "code": "cy.get('#color-palette').then(function (palette) {\n  cy.get('#pixel-board').should('be.belowOf', palette);\n});",
              "err": {},
              "uuid": "6233b022-3a93-465f-b87a-477afd2a5069",
              "parentUUID": "3e456757-ff2f-4bb6-9246-7d7a23485209",
              "isHook": false,
              "skipped": false
            }
          ],
          "suites": [],
          "passes": [
            "9edfd8e8-f17d-4db3-854b-1c64b146553c",
            "c7a18974-537f-4a7b-a2aa-fa5d7247d88c",
            "da27d05f-4e21-4755-adff-c4628cd14518",
            "6233b022-3a93-465f-b87a-477afd2a5069"
          ],
          "failures": [],
          "pending": [],
          "skipped": [],
          "duration": 2928,
          "root": false,
          "rootEmpty": false,
          "_timeout": 2000
        },
        {
          "uuid": "3e6deed8-16aa-4b85-b189-f771ccf0039e",
          "title": "5 - Faça com que cada elemento do quadro de pixels possua 40 pixels de largura, 40 pixels de altura e seja delimitado por uma borda preta de 1 pixel.",
          "fullFile": "",
          "file": "",
          "beforeHooks": [],
          "afterHooks": [],
          "tests": [
            {
              "title": "Verifica se o quadro de pixels tem altura e comprimento de 5 elementos",
              "fullTitle": "5 - Faça com que cada elemento do quadro de pixels possua 40 pixels de largura, 40 pixels de altura e seja delimitado por uma borda preta de 1 pixel. Verifica se o quadro de pixels tem altura e comprimento de 5 elementos",
              "timedOut": null,
              "duration": 1640,
              "state": "passed",
              "speed": "slow",
              "pass": true,
              "fail": false,
              "pending": false,
              "context": null,
              "code": "cy.get('.pixel').should('have.length', 25).each(function (pixel) {\n  expect(pixel).to.have.css('background-color', WHITE);\n}).and(function (pixels) {\n  var rows = chunk(pixels, 5);\n  rows.forEach(function (row) {\n    for (var index = 1; index < row.length; index += 1) {\n      var current = pixels[index];\n      var previous = pixels[index - 1];\n      cy.wrap(current).should('be.onTheRightOf', previous).and('be.horizontallyAlignedWith', previous);\n    }\n  });\n  for (var index = 1; index < 5; index += 1) {\n    expect(pixels[index * 5]).to.be.belowOf(pixels[(index - 1) * 5]);\n  }\n});",
              "err": {},
              "uuid": "43d3322e-945a-42be-a910-e04dda22ab19",
              "parentUUID": "3e6deed8-16aa-4b85-b189-f771ccf0039e",
              "isHook": false,
              "skipped": false
            },
            {
              "title": "Verifica se 40 pixels é o tamanho total do elemento, incluindo seu conteúdo e excluindo a borda preta, que deve ser criada à parte.",
              "fullTitle": "5 - Faça com que cada elemento do quadro de pixels possua 40 pixels de largura, 40 pixels de altura e seja delimitado por uma borda preta de 1 pixel. Verifica se 40 pixels é o tamanho total do elemento, incluindo seu conteúdo e excluindo a borda preta, que deve ser criada à parte.",
              "timedOut": null,
              "duration": 1328,
              "state": "passed",
              "speed": "slow",
              "pass": true,
              "fail": false,
              "pending": false,
              "context": null,
              "code": "cy.get('.pixel').each(function (pixel) {\n  cy.wrap(pixel).should('have.css', 'height', '40px').and('have.css', 'width', '40px').and('have.css', 'border', \"1px solid \".concat(BLACK));\n});",
              "err": {},
              "uuid": "c51f787f-6e23-4323-9ca2-ca5da81a0ebc",
              "parentUUID": "3e6deed8-16aa-4b85-b189-f771ccf0039e",
              "isHook": false,
              "skipped": false
            }
          ],
          "suites": [],
          "passes": [
            "43d3322e-945a-42be-a910-e04dda22ab19",
            "c51f787f-6e23-4323-9ca2-ca5da81a0ebc"
          ],
          "failures": [],
          "pending": [],
          "skipped": [],
          "duration": 2968,
          "root": false,
          "rootEmpty": false,
          "_timeout": 2000
        },
        {
          "uuid": "12c9fe16-3ec9-412c-b7f2-6ec3891c8a95",
          "title": "6 - Defina a cor preta como cor inicial. Ao carregar a página a cor preta já deve estar selecionada para pintar os pixels",
          "fullFile": "",
          "file": "",
          "beforeHooks": [],
          "afterHooks": [],
          "tests": [
            {
              "title": "Verifica se o elemento da cor preta possui, inicialmente, a `classe` `selected`",
              "fullTitle": "6 - Defina a cor preta como cor inicial. Ao carregar a página a cor preta já deve estar selecionada para pintar os pixels Verifica se o elemento da cor preta possui, inicialmente, a `classe` `selected`",
              "timedOut": null,
              "duration": 646,
              "state": "passed",
              "speed": "slow",
              "pass": true,
              "fail": false,
              "pending": false,
              "context": null,
              "code": "cy.get('.selected').first().should('have.css', 'background-color', BLACK);",
              "err": {},
              "uuid": "dd64bf77-70e8-4d46-b87c-ab30b590495e",
              "parentUUID": "12c9fe16-3ec9-412c-b7f2-6ec3891c8a95",
              "isHook": false,
              "skipped": false
            },
            {
              "title": "Verifica se nenhuma outra cor da paleta tem a `classe` `selected`",
              "fullTitle": "6 - Defina a cor preta como cor inicial. Ao carregar a página a cor preta já deve estar selecionada para pintar os pixels Verifica se nenhuma outra cor da paleta tem a `classe` `selected`",
              "timedOut": null,
              "duration": 936,
              "state": "passed",
              "speed": "slow",
              "pass": true,
              "fail": false,
              "pending": false,
              "context": null,
              "code": "cy.get('.color:not(:first-child)').each(function (color) {\n  cy.wrap(color).should('not.have.class', 'selected');\n});",
              "err": {},
              "uuid": "1d4468c9-6145-410c-b411-4f1b85311a44",
              "parentUUID": "12c9fe16-3ec9-412c-b7f2-6ec3891c8a95",
              "isHook": false,
              "skipped": false
            }
          ],
          "suites": [],
          "passes": [
            "dd64bf77-70e8-4d46-b87c-ab30b590495e",
            "1d4468c9-6145-410c-b411-4f1b85311a44"
          ],
          "failures": [],
          "pending": [],
          "skipped": [],
          "duration": 1582,
          "root": false,
          "rootEmpty": false,
          "_timeout": 2000
        },
        {
          "uuid": "ac7654d8-821c-4e56-852c-8a8c27ab0f14",
          "title": "7 - Clicar em uma das cores da paleta, faz com que ela seja selecionada e utilizada para preencher os pixels no quadro.",
          "fullFile": "",
          "file": "",
          "beforeHooks": [],
          "afterHooks": [],
          "tests": [
            {
              "title": "Verifica se somente uma cor da paleta de cores tem a classe `selected` de cada vez",
              "fullTitle": "7 - Clicar em uma das cores da paleta, faz com que ela seja selecionada e utilizada para preencher os pixels no quadro. Verifica se somente uma cor da paleta de cores tem a classe `selected` de cada vez",
              "timedOut": null,
              "duration": 1753,
              "state": "passed",
              "speed": "slow",
              "pass": true,
              "fail": false,
              "pending": false,
              "context": null,
              "code": "cy.get('.color').each(function (selectedColor, selectedColorIndex) {\n  cy.wrap(selectedColor).click();\n  cy.get('.color').each(function (color, colorIndex) {\n    if (colorIndex === selectedColorIndex) {\n      expect(color).to.have[\"class\"]('selected');\n    } else {\n      expect(color).not.to.have[\"class\"]('selected');\n    }\n  });\n});",
              "err": {},
              "uuid": "57b64016-33db-4b84-a0e9-9f377f89af2f",
              "parentUUID": "ac7654d8-821c-4e56-852c-8a8c27ab0f14",
              "isHook": false,
              "skipped": false
            },
            {
              "title": "Verifica se os pixels dentro do quadro não têm a classe `selected` quando são clicados",
              "fullTitle": "7 - Clicar em uma das cores da paleta, faz com que ela seja selecionada e utilizada para preencher os pixels no quadro. Verifica se os pixels dentro do quadro não têm a classe `selected` quando são clicados",
              "timedOut": null,
              "duration": 13938,
              "state": "passed",
              "speed": "slow",
              "pass": true,
              "fail": false,
              "pending": false,
              "context": null,
              "code": "cy.get('.color').each(function (color) {\n  var backgroundColor = color.css('background-color');\n  cy.wrap(color).click();\n  cy.get('.pixel').each(function (pixel) {\n    cy.wrap(pixel).click().should('not.have.class', 'selected');\n  });\n});",
              "err": {},
              "uuid": "d6b4e78e-9373-4e73-b9d0-c260a4bf0fb4",
              "parentUUID": "ac7654d8-821c-4e56-852c-8a8c27ab0f14",
              "isHook": false,
              "skipped": false
            }
          ],
          "suites": [],
          "passes": [
            "57b64016-33db-4b84-a0e9-9f377f89af2f",
            "d6b4e78e-9373-4e73-b9d0-c260a4bf0fb4"
          ],
          "failures": [],
          "pending": [],
          "skipped": [],
          "duration": 15691,
          "root": false,
          "rootEmpty": false,
          "_timeout": 2000
        },
        {
          "uuid": "7d8d245d-9c6f-4eff-95cd-d9f06cd291e5",
          "title": "8 - Clicar em um pixel dentro do quadro após selecionar uma cor na paleta, faz com que o pixel seja preenchido com a cor selecionada.",
          "fullFile": "",
          "file": "",
          "beforeHooks": [],
          "afterHooks": [],
          "tests": [
            {
              "title": "Verifica se ao carregar a página deve ser possível pintar os pixels de preto",
              "fullTitle": "8 - Clicar em um pixel dentro do quadro após selecionar uma cor na paleta, faz com que o pixel seja preenchido com a cor selecionada. Verifica se ao carregar a página deve ser possível pintar os pixels de preto",
              "timedOut": null,
              "duration": 3916,
              "state": "passed",
              "speed": "slow",
              "pass": true,
              "fail": false,
              "pending": false,
              "context": null,
              "code": "cy.get('.pixel').each(function (pixel) {\n  cy.wrap(pixel).click().should('have.css', 'background-color', BLACK);\n});",
              "err": {},
              "uuid": "6f20b939-5da8-4086-91aa-84e4eea77022",
              "parentUUID": "7d8d245d-9c6f-4eff-95cd-d9f06cd291e5",
              "isHook": false,
              "skipped": false
            },
            {
              "title": "Verifica se após selecionar uma outra cor na paleta, é possível pintar os pixels com essa cor",
              "fullTitle": "8 - Clicar em um pixel dentro do quadro após selecionar uma cor na paleta, faz com que o pixel seja preenchido com a cor selecionada. Verifica se após selecionar uma outra cor na paleta, é possível pintar os pixels com essa cor",
              "timedOut": null,
              "duration": 13974,
              "state": "passed",
              "speed": "slow",
              "pass": true,
              "fail": false,
              "pending": false,
              "context": null,
              "code": "cy.get('.color').each(function (color) {\n  var backgroundColor = color.css('background-color');\n  cy.wrap(color).click();\n  cy.get('.pixel').each(function (pixel) {\n    cy.wrap(pixel).click().should('have.css', 'background-color', backgroundColor);\n  });\n});",
              "err": {},
              "uuid": "cb66e22d-d1d7-4d32-a14c-358a912e20b9",
              "parentUUID": "7d8d245d-9c6f-4eff-95cd-d9f06cd291e5",
              "isHook": false,
              "skipped": false
            },
            {
              "title": "Verifica se somente o pixel que foi clicado foi preenchido com a cor selecionada, sem influenciar na cor dos demais pixels.",
              "fullTitle": "8 - Clicar em um pixel dentro do quadro após selecionar uma cor na paleta, faz com que o pixel seja preenchido com a cor selecionada. Verifica se somente o pixel que foi clicado foi preenchido com a cor selecionada, sem influenciar na cor dos demais pixels.",
              "timedOut": null,
              "duration": 6550,
              "state": "passed",
              "speed": "slow",
              "pass": true,
              "fail": false,
              "pending": false,
              "context": null,
              "code": "var colorToPixelIndexMap = {\n  0: 6,\n  1: 8,\n  2: 16,\n  3: 18\n};\ncy.get('.color').each(function (color, index) {\n  cy.wrap(color).click();\n  var backgroundColor = color.css('background-color');\n  var clickedPixelIndex = colorToPixelIndexMap[index];\n  cy.get('.pixel').eq(clickedPixelIndex).click();\n  cy.get('.pixel').eq(clickedPixelIndex - 1).should('not.have.css', 'background-color', backgroundColor);\n  cy.get('.pixel').eq(clickedPixelIndex + 1).should('not.have.css', 'background-color', backgroundColor);\n  cy.get('.pixel').eq(clickedPixelIndex - 5).should('not.have.css', 'background-color', backgroundColor);\n  cy.get('.pixel').eq(clickedPixelIndex + 5).should('not.have.css', 'background-color', backgroundColor);\n  cy.get('.pixel').eq(clickedPixelIndex - 6).should('not.have.css', 'background-color', backgroundColor);\n  cy.get('.pixel').eq(clickedPixelIndex - 4).should('not.have.css', 'background-color', backgroundColor);\n  cy.get('.pixel').eq(clickedPixelIndex + 4).should('not.have.css', 'background-color', backgroundColor);\n  cy.get('.pixel').eq(clickedPixelIndex + 6).should('not.have.css', 'background-color', backgroundColor);\n});",
              "err": {},
              "uuid": "f21b4844-fbc8-4d58-97e3-98da6bb2a505",
              "parentUUID": "7d8d245d-9c6f-4eff-95cd-d9f06cd291e5",
              "isHook": false,
              "skipped": false
            }
          ],
          "suites": [],
          "passes": [
            "6f20b939-5da8-4086-91aa-84e4eea77022",
            "cb66e22d-d1d7-4d32-a14c-358a912e20b9",
            "f21b4844-fbc8-4d58-97e3-98da6bb2a505"
          ],
          "failures": [],
          "pending": [],
          "skipped": [],
          "duration": 24440,
          "root": false,
          "rootEmpty": false,
          "_timeout": 2000
        },
        {
          "uuid": "7fa7e161-7485-45e4-8169-725861435e7c",
          "title": "9 - Crie um botão que, ao ser clicado, limpa o quadro preenchendo a cor de todos seus pixels com branco.",
          "fullFile": "",
          "file": "",
          "beforeHooks": [],
          "afterHooks": [],
          "tests": [
            {
              "title": "Verifica se o botão tem o `id` denominado `clear-board`",
              "fullTitle": "9 - Crie um botão que, ao ser clicado, limpa o quadro preenchendo a cor de todos seus pixels com branco. Verifica se o botão tem o `id` denominado `clear-board`",
              "timedOut": null,
              "duration": 1053,
              "state": "passed",
              "speed": "slow",
              "pass": true,
              "fail": false,
              "pending": false,
              "context": null,
              "code": "cy.get('#clear-board').should('be.visible');",
              "err": {},
              "uuid": "0578846f-dfd4-4ec6-b21c-826e61846fea",
              "parentUUID": "7fa7e161-7485-45e4-8169-725861435e7c",
              "isHook": false,
              "skipped": false
            },
            {
              "title": "Verifica se o botão está posicionado entre a paleta de cores e o quadro de pixels",
              "fullTitle": "9 - Crie um botão que, ao ser clicado, limpa o quadro preenchendo a cor de todos seus pixels com branco. Verifica se o botão está posicionado entre a paleta de cores e o quadro de pixels",
              "timedOut": null,
              "duration": 546,
              "state": "passed",
              "speed": "slow",
              "pass": true,
              "fail": false,
              "pending": false,
              "context": null,
              "code": "cy.get('#color-palette').then(function (palette) {\n  cy.get('#clear-board').should('be.belowOf', palette);\n});\ncy.get('#clear-board').then(function (clearBtn) {\n  cy.get('#pixel-board').should('be.belowOf', clearBtn);\n});",
              "err": {},
              "uuid": "30a5b157-ac9d-4f23-a5c2-3e7bb718f665",
              "parentUUID": "7fa7e161-7485-45e4-8169-725861435e7c",
              "isHook": false,
              "skipped": false
            },
            {
              "title": "Verifica se o texto do botão é 'Limpar'",
              "fullTitle": "9 - Crie um botão que, ao ser clicado, limpa o quadro preenchendo a cor de todos seus pixels com branco. Verifica se o texto do botão é 'Limpar'",
              "timedOut": null,
              "duration": 790,
              "state": "passed",
              "speed": "slow",
              "pass": true,
              "fail": false,
              "pending": false,
              "context": null,
              "code": "cy.get('#clear-board').should('contain.text', 'Limpar');",
              "err": {},
              "uuid": "def7d8c9-38c6-4635-bc31-077ec044fb13",
              "parentUUID": "7fa7e161-7485-45e4-8169-725861435e7c",
              "isHook": false,
              "skipped": false
            },
            {
              "title": "Verifica se ao clicar no botão, o quadro de pixels é totalmente preenchido de branco",
              "fullTitle": "9 - Crie um botão que, ao ser clicado, limpa o quadro preenchendo a cor de todos seus pixels com branco. Verifica se ao clicar no botão, o quadro de pixels é totalmente preenchido de branco",
              "timedOut": null,
              "duration": 8882,
              "state": "failed",
              "speed": null,
              "pass": false,
              "fail": true,
              "pending": false,
              "context": null,
              "code": "cy.get('.color').eq(1).then(function (color) {\n  var backgroundColor = color.css('background-color');\n  cy.wrap(color).click();\n  cy.get('.pixel').each(function (pixel) {\n    cy.wrap(pixel).click().should('have.css', 'background-color', backgroundColor);\n  });\n});\ncy.get('#clear-board').click();\ncy.get('.pixel').each(function (pixel) {\n  cy.wrap(pixel).should('have.css', 'background-color', WHITE);\n});",
              "err": {
                "message": "CypressError: Timed out retrying: expected '<div.pixel>' to have CSS property 'background-color' with the value 'rgb(255, 255, 255)', but the value was 'rgb(0, 0, 255)'",
                "estack": "CypressError: Timed out retrying: expected '<div.pixel>' to have CSS property 'background-color' with the value 'rgb(255, 255, 255)', but the value was 'rgb(0, 0, 255)'\n    at cypressErr (http://localhost:43317/__cypress/runner/cypress_runner.js:149934:9)\n    at throwErr (http://localhost:43317/__cypress/runner/cypress_runner.js:149867:11)\n    at Object.throwErrByPath (http://localhost:43317/__cypress/runner/cypress_runner.js:149915:3)\n    at retry (http://localhost:43317/__cypress/runner/cypress_runner.js:144197:19)\n    at onFailFn (http://localhost:43317/__cypress/runner/cypress_runner.js:132448:16)\n    at tryCatcher (http://localhost:43317/__cypress/runner/cypress_runner.js:167415:23)\n    at Promise._settlePromiseFromHandler (http://localhost:43317/__cypress/runner/cypress_runner.js:165351:31)\n    at Promise._settlePromise (http://localhost:43317/__cypress/runner/cypress_runner.js:165408:18)\n    at Promise._settlePromise0 (http://localhost:43317/__cypress/runner/cypress_runner.js:165453:10)\n    at Promise._settlePromises (http://localhost:43317/__cypress/runner/cypress_runner.js:165528:18)\n    at Async../node_modules/bluebird/js/release/async.js.Async._drainQueue (http://localhost:43317/__cypress/runner/cypress_runner.js:162140:16)\n    at Async../node_modules/bluebird/js/release/async.js.Async._drainQueues (http://localhost:43317/__cypress/runner/cypress_runner.js:162150:10)\n    at Async.drainQueues (http://localhost:43317/__cypress/runner/cypress_runner.js:162024:14)",
                "diff": null
              },
              "uuid": "11a28688-7666-45d5-a115-3c4ef4bc2c41",
              "parentUUID": "7fa7e161-7485-45e4-8169-725861435e7c",
              "isHook": false,
              "skipped": false
            }
          ],
          "suites": [],
          "passes": [
            "0578846f-dfd4-4ec6-b21c-826e61846fea",
            "30a5b157-ac9d-4f23-a5c2-3e7bb718f665",
            "def7d8c9-38c6-4635-bc31-077ec044fb13"
          ],
          "failures": [
            "11a28688-7666-45d5-a115-3c4ef4bc2c41"
          ],
          "pending": [],
          "skipped": [],
          "duration": 11271,
          "root": false,
          "rootEmpty": false,
          "_timeout": 2000
        },
        {
          "uuid": "cc2f1d49-fb8e-4df2-b8a0-350fe509f9b2",
          "title": "10 - Faça o quadro de pixels ter seu tamanho definido pelo usuário.",
          "fullFile": "",
          "file": "",
          "beforeHooks": [],
          "afterHooks": [],
          "tests": [
            {
              "title": "Verifica se existe um input com o id `board-size`",
              "fullTitle": "10 - Faça o quadro de pixels ter seu tamanho definido pelo usuário. Verifica se existe um input com o id `board-size`",
              "timedOut": null,
              "duration": 7060,
              "state": "failed",
              "speed": null,
              "pass": false,
              "fail": true,
              "pending": false,
              "context": null,
              "code": "cy.get('#board-size').should('be.visible');",
              "err": {
                "message": "CypressError: Timed out retrying: Expected to find element: '#board-size', but never found it.",
                "estack": "CypressError: Timed out retrying: Expected to find element: '#board-size', but never found it.\n    at cypressErr (http://localhost:43317/__cypress/runner/cypress_runner.js:149934:9)\n    at throwErr (http://localhost:43317/__cypress/runner/cypress_runner.js:149867:11)\n    at Object.throwErrByPath (http://localhost:43317/__cypress/runner/cypress_runner.js:149915:3)\n    at retry (http://localhost:43317/__cypress/runner/cypress_runner.js:144197:19)\n    at onFailFn (http://localhost:43317/__cypress/runner/cypress_runner.js:132448:16)\n    at tryCatcher (http://localhost:43317/__cypress/runner/cypress_runner.js:167415:23)\n    at Promise._settlePromiseFromHandler (http://localhost:43317/__cypress/runner/cypress_runner.js:165351:31)\n    at Promise._settlePromise (http://localhost:43317/__cypress/runner/cypress_runner.js:165408:18)\n    at Promise._settlePromise0 (http://localhost:43317/__cypress/runner/cypress_runner.js:165453:10)\n    at Promise._settlePromises (http://localhost:43317/__cypress/runner/cypress_runner.js:165528:18)\n    at Async../node_modules/bluebird/js/release/async.js.Async._drainQueue (http://localhost:43317/__cypress/runner/cypress_runner.js:162140:16)\n    at Async../node_modules/bluebird/js/release/async.js.Async._drainQueues (http://localhost:43317/__cypress/runner/cypress_runner.js:162150:10)\n    at Async.drainQueues (http://localhost:43317/__cypress/runner/cypress_runner.js:162024:14)",
                "diff": null
              },
              "uuid": "1b1c02d1-9485-4cc0-add5-fd85f253b052",
              "parentUUID": "cc2f1d49-fb8e-4df2-b8a0-350fe509f9b2",
              "isHook": false,
              "skipped": false
            },
            {
              "title": "Verifica se existe um botão com o id `generate-board`",
              "fullTitle": "10 - Faça o quadro de pixels ter seu tamanho definido pelo usuário. Verifica se existe um botão com o id `generate-board`",
              "timedOut": null,
              "duration": 6613,
              "state": "failed",
              "speed": null,
              "pass": false,
              "fail": true,
              "pending": false,
              "context": null,
              "code": "cy.get('#generate-board').should('be.visible');",
              "err": {
                "message": "CypressError: Timed out retrying: Expected to find element: '#generate-board', but never found it.",
                "estack": "CypressError: Timed out retrying: Expected to find element: '#generate-board', but never found it.\n    at cypressErr (http://localhost:43317/__cypress/runner/cypress_runner.js:149934:9)\n    at throwErr (http://localhost:43317/__cypress/runner/cypress_runner.js:149867:11)\n    at Object.throwErrByPath (http://localhost:43317/__cypress/runner/cypress_runner.js:149915:3)\n    at retry (http://localhost:43317/__cypress/runner/cypress_runner.js:144197:19)\n    at onFailFn (http://localhost:43317/__cypress/runner/cypress_runner.js:132448:16)\n    at tryCatcher (http://localhost:43317/__cypress/runner/cypress_runner.js:167415:23)\n    at Promise._settlePromiseFromHandler (http://localhost:43317/__cypress/runner/cypress_runner.js:165351:31)\n    at Promise._settlePromise (http://localhost:43317/__cypress/runner/cypress_runner.js:165408:18)\n    at Promise._settlePromise0 (http://localhost:43317/__cypress/runner/cypress_runner.js:165453:10)\n    at Promise._settlePromises (http://localhost:43317/__cypress/runner/cypress_runner.js:165528:18)\n    at Async../node_modules/bluebird/js/release/async.js.Async._drainQueue (http://localhost:43317/__cypress/runner/cypress_runner.js:162140:16)\n    at Async../node_modules/bluebird/js/release/async.js.Async._drainQueues (http://localhost:43317/__cypress/runner/cypress_runner.js:162150:10)\n    at Async.drainQueues (http://localhost:43317/__cypress/runner/cypress_runner.js:162024:14)",
                "diff": null
              },
              "uuid": "daa92d86-c015-4f02-969f-1738baf5e371",
              "parentUUID": "cc2f1d49-fb8e-4df2-b8a0-350fe509f9b2",
              "isHook": false,
              "skipped": false
            },
            {
              "title": "Verifica se o input só aceita número maiores que zero. Essa restrição deve ser feita usando os atributos do elemento `input`",
              "fullTitle": "10 - Faça o quadro de pixels ter seu tamanho definido pelo usuário. Verifica se o input só aceita número maiores que zero. Essa restrição deve ser feita usando os atributos do elemento `input`",
              "timedOut": null,
              "duration": 6965,
              "state": "failed",
              "speed": null,
              "pass": false,
              "fail": true,
              "pending": false,
              "context": null,
              "code": "cy.get('#board-size[type=\\'number\\'][min=\\'1\\']');",
              "err": {
                "message": "CypressError: Timed out retrying: Expected to find element: '#board-size[type='number'][min='1']', but never found it.",
                "estack": "CypressError: Timed out retrying: Expected to find element: '#board-size[type='number'][min='1']', but never found it.\n    at cypressErr (http://localhost:43317/__cypress/runner/cypress_runner.js:149934:9)\n    at throwErr (http://localhost:43317/__cypress/runner/cypress_runner.js:149867:11)\n    at Object.throwErrByPath (http://localhost:43317/__cypress/runner/cypress_runner.js:149915:3)\n    at retry (http://localhost:43317/__cypress/runner/cypress_runner.js:144197:19)\n    at onFailFn (http://localhost:43317/__cypress/runner/cypress_runner.js:132448:16)\n    at tryCatcher (http://localhost:43317/__cypress/runner/cypress_runner.js:167415:23)\n    at Promise._settlePromiseFromHandler (http://localhost:43317/__cypress/runner/cypress_runner.js:165351:31)\n    at Promise._settlePromise (http://localhost:43317/__cypress/runner/cypress_runner.js:165408:18)\n    at Promise._settlePromise0 (http://localhost:43317/__cypress/runner/cypress_runner.js:165453:10)\n    at Promise._settlePromises (http://localhost:43317/__cypress/runner/cypress_runner.js:165528:18)\n    at Async../node_modules/bluebird/js/release/async.js.Async._drainQueue (http://localhost:43317/__cypress/runner/cypress_runner.js:162140:16)\n    at Async../node_modules/bluebird/js/release/async.js.Async._drainQueues (http://localhost:43317/__cypress/runner/cypress_runner.js:162150:10)\n    at Async.drainQueues (http://localhost:43317/__cypress/runner/cypress_runner.js:162024:14)",
                "diff": null
              },
              "uuid": "8b4a591f-4ac3-42a7-a6db-7e580e88a02c",
              "parentUUID": "cc2f1d49-fb8e-4df2-b8a0-350fe509f9b2",
              "isHook": false,
              "skipped": false
            },
            {
              "title": "Verifica se o botão contém o texto 'VQV'",
              "fullTitle": "10 - Faça o quadro de pixels ter seu tamanho definido pelo usuário. Verifica se o botão contém o texto 'VQV'",
              "timedOut": null,
              "duration": 6501,
              "state": "failed",
              "speed": null,
              "pass": false,
              "fail": true,
              "pending": false,
              "context": null,
              "code": "cy.get('#generate-board').contains(/vqv/i);",
              "err": {
                "message": "CypressError: Timed out retrying: Expected to find element: '#generate-board', but never found it.",
                "estack": "CypressError: Timed out retrying: Expected to find element: '#generate-board', but never found it.\n    at cypressErr (http://localhost:43317/__cypress/runner/cypress_runner.js:149934:9)\n    at throwErr (http://localhost:43317/__cypress/runner/cypress_runner.js:149867:11)\n    at Object.throwErrByPath (http://localhost:43317/__cypress/runner/cypress_runner.js:149915:3)\n    at retry (http://localhost:43317/__cypress/runner/cypress_runner.js:144197:19)\n    at onFailFn (http://localhost:43317/__cypress/runner/cypress_runner.js:132448:16)\n    at tryCatcher (http://localhost:43317/__cypress/runner/cypress_runner.js:167415:23)\n    at Promise._settlePromiseFromHandler (http://localhost:43317/__cypress/runner/cypress_runner.js:165351:31)\n    at Promise._settlePromise (http://localhost:43317/__cypress/runner/cypress_runner.js:165408:18)\n    at Promise._settlePromise0 (http://localhost:43317/__cypress/runner/cypress_runner.js:165453:10)\n    at Promise._settlePromises (http://localhost:43317/__cypress/runner/cypress_runner.js:165528:18)\n    at Async../node_modules/bluebird/js/release/async.js.Async._drainQueue (http://localhost:43317/__cypress/runner/cypress_runner.js:162140:16)\n    at Async../node_modules/bluebird/js/release/async.js.Async._drainQueues (http://localhost:43317/__cypress/runner/cypress_runner.js:162150:10)\n    at Async.drainQueues (http://localhost:43317/__cypress/runner/cypress_runner.js:162024:14)",
                "diff": null
              },
              "uuid": "8bc7de6b-0963-43e9-9dc1-8212ee7a9411",
              "parentUUID": "cc2f1d49-fb8e-4df2-b8a0-350fe509f9b2",
              "isHook": false,
              "skipped": false
            },
            {
              "title": "Verifica se o input está posicionado entre a paleta de cores e o quadro de pixels",
              "fullTitle": "10 - Faça o quadro de pixels ter seu tamanho definido pelo usuário. Verifica se o input está posicionado entre a paleta de cores e o quadro de pixels",
              "timedOut": null,
              "duration": 6012,
              "state": "failed",
              "speed": null,
              "pass": false,
              "fail": true,
              "pending": false,
              "context": null,
              "code": "cy.get('#color-palette').then(function (palette) {\n  cy.get('#board-size').should('be.belowOf', palette);\n});\ncy.get('#board-size').then(function (palette) {\n  cy.get('#pixel-board').should('be.belowOf', palette);\n});",
              "err": {
                "message": "CypressError: Timed out retrying: Expected to find element: '#board-size', but never found it.",
                "estack": "CypressError: Timed out retrying: Expected to find element: '#board-size', but never found it.\n    at cypressErr (http://localhost:43317/__cypress/runner/cypress_runner.js:149934:9)\n    at throwErr (http://localhost:43317/__cypress/runner/cypress_runner.js:149867:11)\n    at Object.throwErrByPath (http://localhost:43317/__cypress/runner/cypress_runner.js:149915:3)\n    at retry (http://localhost:43317/__cypress/runner/cypress_runner.js:144197:19)\n    at onFailFn (http://localhost:43317/__cypress/runner/cypress_runner.js:132448:16)\n    at tryCatcher (http://localhost:43317/__cypress/runner/cypress_runner.js:167415:23)\n    at Promise._settlePromiseFromHandler (http://localhost:43317/__cypress/runner/cypress_runner.js:165351:31)\n    at Promise._settlePromise (http://localhost:43317/__cypress/runner/cypress_runner.js:165408:18)\n    at Promise._settlePromise0 (http://localhost:43317/__cypress/runner/cypress_runner.js:165453:10)\n    at Promise._settlePromises (http://localhost:43317/__cypress/runner/cypress_runner.js:165528:18)\n    at Async../node_modules/bluebird/js/release/async.js.Async._drainQueue (http://localhost:43317/__cypress/runner/cypress_runner.js:162140:16)\n    at Async../node_modules/bluebird/js/release/async.js.Async._drainQueues (http://localhost:43317/__cypress/runner/cypress_runner.js:162150:10)\n    at Async.drainQueues (http://localhost:43317/__cypress/runner/cypress_runner.js:162024:14)",
                "diff": null
              },
              "uuid": "a4bd1588-f173-420f-9e29-a1952a764c24",
              "parentUUID": "cc2f1d49-fb8e-4df2-b8a0-350fe509f9b2",
              "isHook": false,
              "skipped": false
            },
            {
              "title": "Verifica se o botão está posicionado ao lado do input",
              "fullTitle": "10 - Faça o quadro de pixels ter seu tamanho definido pelo usuário. Verifica se o botão está posicionado ao lado do input",
              "timedOut": null,
              "duration": 6457,
              "state": "failed",
              "speed": null,
              "pass": false,
              "fail": true,
              "pending": false,
              "context": null,
              "code": "cy.get('#board-size').then(function (board) {\n  cy.get('#generate-board').should('be.onTheRightOf', board);\n});",
              "err": {
                "message": "CypressError: Timed out retrying: Expected to find element: '#board-size', but never found it.",
                "estack": "CypressError: Timed out retrying: Expected to find element: '#board-size', but never found it.\n    at cypressErr (http://localhost:43317/__cypress/runner/cypress_runner.js:149934:9)\n    at throwErr (http://localhost:43317/__cypress/runner/cypress_runner.js:149867:11)\n    at Object.throwErrByPath (http://localhost:43317/__cypress/runner/cypress_runner.js:149915:3)\n    at retry (http://localhost:43317/__cypress/runner/cypress_runner.js:144197:19)\n    at onFailFn (http://localhost:43317/__cypress/runner/cypress_runner.js:132448:16)\n    at tryCatcher (http://localhost:43317/__cypress/runner/cypress_runner.js:167415:23)\n    at Promise._settlePromiseFromHandler (http://localhost:43317/__cypress/runner/cypress_runner.js:165351:31)\n    at Promise._settlePromise (http://localhost:43317/__cypress/runner/cypress_runner.js:165408:18)\n    at Promise._settlePromise0 (http://localhost:43317/__cypress/runner/cypress_runner.js:165453:10)\n    at Promise._settlePromises (http://localhost:43317/__cypress/runner/cypress_runner.js:165528:18)\n    at Async../node_modules/bluebird/js/release/async.js.Async._drainQueue (http://localhost:43317/__cypress/runner/cypress_runner.js:162140:16)\n    at Async../node_modules/bluebird/js/release/async.js.Async._drainQueues (http://localhost:43317/__cypress/runner/cypress_runner.js:162150:10)\n    at Async.drainQueues (http://localhost:43317/__cypress/runner/cypress_runner.js:162024:14)",
                "diff": null
              },
              "uuid": "de73690d-bb92-490c-9ac6-02b669c295d2",
              "parentUUID": "cc2f1d49-fb8e-4df2-b8a0-350fe509f9b2",
              "isHook": false,
              "skipped": false
            },
            {
              "title": "Verifica se nenhum valor for colocado no input ao clicar no botão, um `alert` é exibido com o texto: 'Board inválido!'",
              "fullTitle": "10 - Faça o quadro de pixels ter seu tamanho definido pelo usuário. Verifica se nenhum valor for colocado no input ao clicar no botão, um `alert` é exibido com o texto: 'Board inválido!'",
              "timedOut": null,
              "duration": 6644,
              "state": "failed",
              "speed": null,
              "pass": false,
              "fail": true,
              "pending": false,
              "context": null,
              "code": "var alerted = false;\ncy.on('window:alert', function (msg) {\n  return alerted = msg;\n});\ncy.get('#generate-board').click().then(function () {\n  return expect(alerted).to.match(/Board inválido!/i);\n});",
              "err": {
                "message": "CypressError: Timed out retrying: Expected to find element: '#generate-board', but never found it.",
                "estack": "CypressError: Timed out retrying: Expected to find element: '#generate-board', but never found it.\n    at cypressErr (http://localhost:43317/__cypress/runner/cypress_runner.js:149934:9)\n    at throwErr (http://localhost:43317/__cypress/runner/cypress_runner.js:149867:11)\n    at Object.throwErrByPath (http://localhost:43317/__cypress/runner/cypress_runner.js:149915:3)\n    at retry (http://localhost:43317/__cypress/runner/cypress_runner.js:144197:19)\n    at onFailFn (http://localhost:43317/__cypress/runner/cypress_runner.js:132448:16)\n    at tryCatcher (http://localhost:43317/__cypress/runner/cypress_runner.js:167415:23)\n    at Promise._settlePromiseFromHandler (http://localhost:43317/__cypress/runner/cypress_runner.js:165351:31)\n    at Promise._settlePromise (http://localhost:43317/__cypress/runner/cypress_runner.js:165408:18)\n    at Promise._settlePromise0 (http://localhost:43317/__cypress/runner/cypress_runner.js:165453:10)\n    at Promise._settlePromises (http://localhost:43317/__cypress/runner/cypress_runner.js:165528:18)\n    at Async../node_modules/bluebird/js/release/async.js.Async._drainQueue (http://localhost:43317/__cypress/runner/cypress_runner.js:162140:16)\n    at Async../node_modules/bluebird/js/release/async.js.Async._drainQueues (http://localhost:43317/__cypress/runner/cypress_runner.js:162150:10)\n    at Async.drainQueues (http://localhost:43317/__cypress/runner/cypress_runner.js:162024:14)",
                "diff": null
              },
              "uuid": "4cdb5cb3-0846-4103-8027-585050dd5a72",
              "parentUUID": "cc2f1d49-fb8e-4df2-b8a0-350fe509f9b2",
              "isHook": false,
              "skipped": false
            },
            {
              "title": "Verifica se ao clicar no botão com um valor preenchido, o tamanho do board muda.",
              "fullTitle": "10 - Faça o quadro de pixels ter seu tamanho definido pelo usuário. Verifica se ao clicar no botão com um valor preenchido, o tamanho do board muda.",
              "timedOut": null,
              "duration": 6961,
              "state": "failed",
              "speed": null,
              "pass": false,
              "fail": true,
              "pending": false,
              "context": null,
              "code": "cy.get('#board-size').clear().type(10);\ncy.get('#generate-board').click();\ncy.get('.pixel').should('have.length', 100);",
              "err": {
                "message": "CypressError: Timed out retrying: Expected to find element: '#board-size', but never found it.",
                "estack": "CypressError: Timed out retrying: Expected to find element: '#board-size', but never found it.\n    at cypressErr (http://localhost:43317/__cypress/runner/cypress_runner.js:149934:9)\n    at throwErr (http://localhost:43317/__cypress/runner/cypress_runner.js:149867:11)\n    at Object.throwErrByPath (http://localhost:43317/__cypress/runner/cypress_runner.js:149915:3)\n    at retry (http://localhost:43317/__cypress/runner/cypress_runner.js:144197:19)\n    at onFailFn (http://localhost:43317/__cypress/runner/cypress_runner.js:132448:16)\n    at tryCatcher (http://localhost:43317/__cypress/runner/cypress_runner.js:167415:23)\n    at Promise._settlePromiseFromHandler (http://localhost:43317/__cypress/runner/cypress_runner.js:165351:31)\n    at Promise._settlePromise (http://localhost:43317/__cypress/runner/cypress_runner.js:165408:18)\n    at Promise._settlePromise0 (http://localhost:43317/__cypress/runner/cypress_runner.js:165453:10)\n    at Promise._settlePromises (http://localhost:43317/__cypress/runner/cypress_runner.js:165528:18)\n    at Async../node_modules/bluebird/js/release/async.js.Async._drainQueue (http://localhost:43317/__cypress/runner/cypress_runner.js:162140:16)\n    at Async../node_modules/bluebird/js/release/async.js.Async._drainQueues (http://localhost:43317/__cypress/runner/cypress_runner.js:162150:10)\n    at Async.drainQueues (http://localhost:43317/__cypress/runner/cypress_runner.js:162024:14)",
                "diff": null
              },
              "uuid": "25bfeeaa-e26f-405d-bb13-2b2e2f705446",
              "parentUUID": "cc2f1d49-fb8e-4df2-b8a0-350fe509f9b2",
              "isHook": false,
              "skipped": false
            },
            {
              "title": "Verifica se o novo quadro tem todos os pixels preenchidos com a cor branca",
              "fullTitle": "10 - Faça o quadro de pixels ter seu tamanho definido pelo usuário. Verifica se o novo quadro tem todos os pixels preenchidos com a cor branca",
              "timedOut": null,
              "duration": 6120,
              "state": "failed",
              "speed": null,
              "pass": false,
              "fail": true,
              "pending": false,
              "context": null,
              "code": "cy.get('#board-size').clear().type(6);\ncy.get('#generate-board').click();\ncy.get('.pixel').should('have.length', 36).each(function (pixel) {\n  expect(pixel).to.have.css('background-color', WHITE);\n});",
              "err": {
                "message": "CypressError: Timed out retrying: Expected to find element: '#board-size', but never found it.",
                "estack": "CypressError: Timed out retrying: Expected to find element: '#board-size', but never found it.\n    at cypressErr (http://localhost:43317/__cypress/runner/cypress_runner.js:149934:9)\n    at throwErr (http://localhost:43317/__cypress/runner/cypress_runner.js:149867:11)\n    at Object.throwErrByPath (http://localhost:43317/__cypress/runner/cypress_runner.js:149915:3)\n    at retry (http://localhost:43317/__cypress/runner/cypress_runner.js:144197:19)\n    at onFailFn (http://localhost:43317/__cypress/runner/cypress_runner.js:132448:16)\n    at tryCatcher (http://localhost:43317/__cypress/runner/cypress_runner.js:167415:23)\n    at Promise._settlePromiseFromHandler (http://localhost:43317/__cypress/runner/cypress_runner.js:165351:31)\n    at Promise._settlePromise (http://localhost:43317/__cypress/runner/cypress_runner.js:165408:18)\n    at Promise._settlePromise0 (http://localhost:43317/__cypress/runner/cypress_runner.js:165453:10)\n    at Promise._settlePromises (http://localhost:43317/__cypress/runner/cypress_runner.js:165528:18)\n    at Async../node_modules/bluebird/js/release/async.js.Async._drainQueue (http://localhost:43317/__cypress/runner/cypress_runner.js:162140:16)\n    at Async../node_modules/bluebird/js/release/async.js.Async._drainQueues (http://localhost:43317/__cypress/runner/cypress_runner.js:162150:10)\n    at Async.drainQueues (http://localhost:43317/__cypress/runner/cypress_runner.js:162024:14)",
                "diff": null
              },
              "uuid": "1fd1b684-4a3a-4c88-abcb-2d2fefa29c07",
              "parentUUID": "cc2f1d49-fb8e-4df2-b8a0-350fe509f9b2",
              "isHook": false,
              "skipped": false
            }
          ],
          "suites": [],
          "passes": [],
          "failures": [
            "1b1c02d1-9485-4cc0-add5-fd85f253b052",
            "daa92d86-c015-4f02-969f-1738baf5e371",
            "8b4a591f-4ac3-42a7-a6db-7e580e88a02c",
            "8bc7de6b-0963-43e9-9dc1-8212ee7a9411",
            "a4bd1588-f173-420f-9e29-a1952a764c24",
            "de73690d-bb92-490c-9ac6-02b669c295d2",
            "4cdb5cb3-0846-4103-8027-585050dd5a72",
            "25bfeeaa-e26f-405d-bb13-2b2e2f705446",
            "1fd1b684-4a3a-4c88-abcb-2d2fefa29c07"
          ],
          "pending": [],
          "skipped": [],
          "duration": 59333,
          "root": false,
          "rootEmpty": false,
          "_timeout": 2000
        },
        {
          "uuid": "4801f866-2c57-4f2f-a72f-745b457720b9",
          "title": "11 - Limite o tamanho mínimo e máximo do board.",
          "fullFile": "",
          "file": "",
          "beforeHooks": [],
          "afterHooks": [],
          "tests": [
            {
              "title": "Verifica se a altura máxima do board é 50",
              "fullTitle": "11 - Limite o tamanho mínimo e máximo do board. Verifica se a altura máxima do board é 50",
              "timedOut": null,
              "duration": 7319,
              "state": "failed",
              "speed": null,
              "pass": false,
              "fail": true,
              "pending": false,
              "context": null,
              "code": "cy.get('#board-size').clear().type(50);\ncy.get('#generate-board').click();\ncy.get('.pixel').should('have.length', 2500);",
              "err": {
                "message": "CypressError: Timed out retrying: Expected to find element: '#board-size', but never found it.",
                "estack": "CypressError: Timed out retrying: Expected to find element: '#board-size', but never found it.\n    at cypressErr (http://localhost:43317/__cypress/runner/cypress_runner.js:149934:9)\n    at throwErr (http://localhost:43317/__cypress/runner/cypress_runner.js:149867:11)\n    at Object.throwErrByPath (http://localhost:43317/__cypress/runner/cypress_runner.js:149915:3)\n    at retry (http://localhost:43317/__cypress/runner/cypress_runner.js:144197:19)\n    at onFailFn (http://localhost:43317/__cypress/runner/cypress_runner.js:132448:16)\n    at tryCatcher (http://localhost:43317/__cypress/runner/cypress_runner.js:167415:23)\n    at Promise._settlePromiseFromHandler (http://localhost:43317/__cypress/runner/cypress_runner.js:165351:31)\n    at Promise._settlePromise (http://localhost:43317/__cypress/runner/cypress_runner.js:165408:18)\n    at Promise._settlePromise0 (http://localhost:43317/__cypress/runner/cypress_runner.js:165453:10)\n    at Promise._settlePromises (http://localhost:43317/__cypress/runner/cypress_runner.js:165528:18)\n    at Async../node_modules/bluebird/js/release/async.js.Async._drainQueue (http://localhost:43317/__cypress/runner/cypress_runner.js:162140:16)\n    at Async../node_modules/bluebird/js/release/async.js.Async._drainQueues (http://localhost:43317/__cypress/runner/cypress_runner.js:162150:10)\n    at Async.drainQueues (http://localhost:43317/__cypress/runner/cypress_runner.js:162024:14)",
                "diff": null
              },
              "uuid": "e1e80abb-9ae5-4b31-8ef4-84b6cccca15d",
              "parentUUID": "4801f866-2c57-4f2f-a72f-745b457720b9",
              "isHook": false,
              "skipped": false
            },
            {
              "title": "Verifica se a altura do board é 5 quando um valor menor é colocado no input",
              "fullTitle": "11 - Limite o tamanho mínimo e máximo do board. Verifica se a altura do board é 5 quando um valor menor é colocado no input",
              "timedOut": null,
              "duration": 6392,
              "state": "failed",
              "speed": null,
              "pass": false,
              "fail": true,
              "pending": false,
              "context": null,
              "code": "cy.get('#board-size').clear().type(4);\ncy.get('#generate-board').click();\ncy.get('.pixel').should('have.length', 25);",
              "err": {
                "message": "CypressError: Timed out retrying: Expected to find element: '#board-size', but never found it.",
                "estack": "CypressError: Timed out retrying: Expected to find element: '#board-size', but never found it.\n    at cypressErr (http://localhost:43317/__cypress/runner/cypress_runner.js:149934:9)\n    at throwErr (http://localhost:43317/__cypress/runner/cypress_runner.js:149867:11)\n    at Object.throwErrByPath (http://localhost:43317/__cypress/runner/cypress_runner.js:149915:3)\n    at retry (http://localhost:43317/__cypress/runner/cypress_runner.js:144197:19)\n    at onFailFn (http://localhost:43317/__cypress/runner/cypress_runner.js:132448:16)\n    at tryCatcher (http://localhost:43317/__cypress/runner/cypress_runner.js:167415:23)\n    at Promise._settlePromiseFromHandler (http://localhost:43317/__cypress/runner/cypress_runner.js:165351:31)\n    at Promise._settlePromise (http://localhost:43317/__cypress/runner/cypress_runner.js:165408:18)\n    at Promise._settlePromise0 (http://localhost:43317/__cypress/runner/cypress_runner.js:165453:10)\n    at Promise._settlePromises (http://localhost:43317/__cypress/runner/cypress_runner.js:165528:18)\n    at Async../node_modules/bluebird/js/release/async.js.Async._drainQueue (http://localhost:43317/__cypress/runner/cypress_runner.js:162140:16)\n    at Async../node_modules/bluebird/js/release/async.js.Async._drainQueues (http://localhost:43317/__cypress/runner/cypress_runner.js:162150:10)\n    at Async.drainQueues (http://localhost:43317/__cypress/runner/cypress_runner.js:162024:14)",
                "diff": null
              },
              "uuid": "68e085dc-148e-4e2a-a11e-c8ba3028f9d5",
              "parentUUID": "4801f866-2c57-4f2f-a72f-745b457720b9",
              "isHook": false,
              "skipped": false
            },
            {
              "title": "Verifica se a altura do board é 50 quando um valor maior é colocado no input",
              "fullTitle": "11 - Limite o tamanho mínimo e máximo do board. Verifica se a altura do board é 50 quando um valor maior é colocado no input",
              "timedOut": null,
              "duration": 6912,
              "state": "failed",
              "speed": null,
              "pass": false,
              "fail": true,
              "pending": false,
              "context": null,
              "code": "cy.get('#board-size').clear().type(51);\ncy.get('#generate-board').click();\ncy.get('.pixel').should('have.length', 2500);",
              "err": {
                "message": "CypressError: Timed out retrying: Expected to find element: '#board-size', but never found it.",
                "estack": "CypressError: Timed out retrying: Expected to find element: '#board-size', but never found it.\n    at cypressErr (http://localhost:43317/__cypress/runner/cypress_runner.js:149934:9)\n    at throwErr (http://localhost:43317/__cypress/runner/cypress_runner.js:149867:11)\n    at Object.throwErrByPath (http://localhost:43317/__cypress/runner/cypress_runner.js:149915:3)\n    at retry (http://localhost:43317/__cypress/runner/cypress_runner.js:144197:19)\n    at onFailFn (http://localhost:43317/__cypress/runner/cypress_runner.js:132448:16)\n    at tryCatcher (http://localhost:43317/__cypress/runner/cypress_runner.js:167415:23)\n    at Promise._settlePromiseFromHandler (http://localhost:43317/__cypress/runner/cypress_runner.js:165351:31)\n    at Promise._settlePromise (http://localhost:43317/__cypress/runner/cypress_runner.js:165408:18)\n    at Promise._settlePromise0 (http://localhost:43317/__cypress/runner/cypress_runner.js:165453:10)\n    at Promise._settlePromises (http://localhost:43317/__cypress/runner/cypress_runner.js:165528:18)\n    at Async../node_modules/bluebird/js/release/async.js.Async._drainQueue (http://localhost:43317/__cypress/runner/cypress_runner.js:162140:16)\n    at Async../node_modules/bluebird/js/release/async.js.Async._drainQueues (http://localhost:43317/__cypress/runner/cypress_runner.js:162150:10)\n    at Async.drainQueues (http://localhost:43317/__cypress/runner/cypress_runner.js:162024:14)",
                "diff": null
              },
              "uuid": "2d735ca2-5f2c-433b-85bf-85d54c338e76",
              "parentUUID": "4801f866-2c57-4f2f-a72f-745b457720b9",
              "isHook": false,
              "skipped": false
            }
          ],
          "suites": [],
          "passes": [],
          "failures": [
            "e1e80abb-9ae5-4b31-8ef4-84b6cccca15d",
            "68e085dc-148e-4e2a-a11e-c8ba3028f9d5",
            "2d735ca2-5f2c-433b-85bf-85d54c338e76"
          ],
          "pending": [],
          "skipped": [],
          "duration": 20623,
          "root": false,
          "rootEmpty": false,
          "_timeout": 2000
        },
        {
          "uuid": "a9b4fdf2-5c8c-4076-b6d3-af488da1f979",
          "title": "12 - Faça com que as cores da paleta sejam geradas aleatoriamente ao carregar a página.",
          "fullFile": "",
          "file": "",
          "beforeHooks": [],
          "afterHooks": [],
          "tests": [
            {
              "title": "Verifica se as cores geradas na paleta são diferentes a cada carregamento da página",
              "fullTitle": "12 - Faça com que as cores da paleta sejam geradas aleatoriamente ao carregar a página. Verifica se as cores geradas na paleta são diferentes a cada carregamento da página",
              "timedOut": null,
              "duration": 4077,
              "state": "failed",
              "speed": null,
              "pass": false,
              "fail": true,
              "pending": false,
              "context": null,
              "code": "cy.get('.color').then(function (colors) {\n  var currentColors;\n  var previousColors;\n  previousColors = Array.from(colors).map(function (color) {\n    return Cypress.$(color).css('background-color');\n  });\n  for (var i = 0; i < 5; i += 1) {\n    cy.reload();\n    cy.get('.color').then(function (colors) {\n      currentColors = Array.from(colors).map(function (color) {\n        return Cypress.$(color).css('background-color');\n      });\n      expect(currentColors).not.to.deep.equal(previousColors);\n      previousColors = currentColors;\n    });\n  }\n});",
              "err": {
                "message": "AssertionError: expected [ Array(4) ] to not deeply equal [ Array(4) ]",
                "estack": "AssertionError: expected [ Array(4) ] to not deeply equal [ Array(4) ]\n    at getRet (http://localhost:43317/__cypress/runner/cypress_runner.js:136585:16)\n    at tryCatcher (http://localhost:43317/__cypress/runner/cypress_runner.js:167415:23)\n    at Function.Promise.attempt.Promise.try (http://localhost:43317/__cypress/runner/cypress_runner.js:164690:29)\n    at Context.thenFn (http://localhost:43317/__cypress/runner/cypress_runner.js:136599:23)\n    at Context.then (http://localhost:43317/__cypress/runner/cypress_runner.js:136971:21)\n    at Context.<anonymous> (http://localhost:43317/__cypress/runner/cypress_runner.js:148875:21)\n    at http://localhost:43317/__cypress/runner/cypress_runner.js:148351:33\n    at tryCatcher (http://localhost:43317/__cypress/runner/cypress_runner.js:167415:23)\n    at Promise._settlePromiseFromHandler (http://localhost:43317/__cypress/runner/cypress_runner.js:165351:31)\n    at Promise._settlePromise (http://localhost:43317/__cypress/runner/cypress_runner.js:165408:18)\n    at Promise._settlePromiseCtx (http://localhost:43317/__cypress/runner/cypress_runner.js:165445:10)\n    at Async../node_modules/bluebird/js/release/async.js.Async._drainQueue (http://localhost:43317/__cypress/runner/cypress_runner.js:162145:12)\n    at Async../node_modules/bluebird/js/release/async.js.Async._drainQueues (http://localhost:43317/__cypress/runner/cypress_runner.js:162150:10)\n    at Async.drainQueues (http://localhost:43317/__cypress/runner/cypress_runner.js:162024:14)",
                "diff": ""
              },
              "uuid": "132cc916-cd79-48da-9cf3-bf22c199a0e6",
              "parentUUID": "a9b4fdf2-5c8c-4076-b6d3-af488da1f979",
              "isHook": false,
              "skipped": false
            },
            {
              "title": "Verifica se a cor preta ainda está presente e é a primeira na sua paleta de cores",
              "fullTitle": "12 - Faça com que as cores da paleta sejam geradas aleatoriamente ao carregar a página. Verifica se a cor preta ainda está presente e é a primeira na sua paleta de cores",
              "timedOut": null,
              "duration": 3167,
              "state": "failed",
              "speed": null,
              "pass": false,
              "fail": true,
              "pending": false,
              "context": null,
              "code": "cy.get('.color').then(function (colors) {\n  var currentColors;\n  var previousColors;\n  previousColors = Array.from(colors).map(function (color) {\n    return Cypress.$(color).css('background-color');\n  });\n  expect(previousColors[0]).to.eq(BLACK);\n  for (var i = 0; i < 5; i += 1) {\n    cy.reload();\n    cy.get('.color').then(function (colors) {\n      currentColors = Array.from(colors).map(function (color) {\n        return Cypress.$(color).css('background-color');\n      });\n      expect(currentColors[0]).to.eq(BLACK);\n      expect(currentColors).not.to.deep.equal(previousColors);\n      previousColors = currentColors;\n    });\n  }\n});",
              "err": {
                "message": "AssertionError: expected [ Array(4) ] to not deeply equal [ Array(4) ]",
                "estack": "AssertionError: expected [ Array(4) ] to not deeply equal [ Array(4) ]\n    at getRet (http://localhost:43317/__cypress/runner/cypress_runner.js:136585:16)\n    at tryCatcher (http://localhost:43317/__cypress/runner/cypress_runner.js:167415:23)\n    at Function.Promise.attempt.Promise.try (http://localhost:43317/__cypress/runner/cypress_runner.js:164690:29)\n    at Context.thenFn (http://localhost:43317/__cypress/runner/cypress_runner.js:136599:23)\n    at Context.then (http://localhost:43317/__cypress/runner/cypress_runner.js:136971:21)\n    at Context.<anonymous> (http://localhost:43317/__cypress/runner/cypress_runner.js:148875:21)\n    at http://localhost:43317/__cypress/runner/cypress_runner.js:148351:33\n    at tryCatcher (http://localhost:43317/__cypress/runner/cypress_runner.js:167415:23)\n    at Promise._settlePromiseFromHandler (http://localhost:43317/__cypress/runner/cypress_runner.js:165351:31)\n    at Promise._settlePromise (http://localhost:43317/__cypress/runner/cypress_runner.js:165408:18)\n    at Promise._settlePromiseCtx (http://localhost:43317/__cypress/runner/cypress_runner.js:165445:10)\n    at Async../node_modules/bluebird/js/release/async.js.Async._drainQueue (http://localhost:43317/__cypress/runner/cypress_runner.js:162145:12)\n    at Async../node_modules/bluebird/js/release/async.js.Async._drainQueues (http://localhost:43317/__cypress/runner/cypress_runner.js:162150:10)\n    at Async.drainQueues (http://localhost:43317/__cypress/runner/cypress_runner.js:162024:14)",
                "diff": ""
              },
              "uuid": "0d8ccb1d-0e2d-465f-b573-4d9d4b97f544",
              "parentUUID": "a9b4fdf2-5c8c-4076-b6d3-af488da1f979",
              "isHook": false,
              "skipped": false
            }
          ],
          "suites": [],
          "passes": [],
          "failures": [
            "132cc916-cd79-48da-9cf3-bf22c199a0e6",
            "0d8ccb1d-0e2d-465f-b573-4d9d4b97f544"
          ],
          "pending": [],
          "skipped": [],
          "duration": 7244,
          "root": false,
          "rootEmpty": false,
          "_timeout": 2000
        }
      ],
      "passes": [],
      "failures": [],
      "pending": [],
      "skipped": [],
      "duration": 0,
      "root": true,
      "rootEmpty": true,
      "_timeout": 2000
    }
  ],
  "meta": {
    "mocha": {
      "version": "7.0.1"
    },
    "mochawesome": {
      "options": {
        "quiet": false,
        "reportFilename": "mochawesome",
        "saveHtml": false,
        "saveJson": true,
        "consoleReporter": "spec",
        "useInlineDiffs": false
      },
      "version": "4.1.0"
    },
    "marge": {
      "options": {
        "id": "default",
        "reportDir": "cypress/reports",
        "overwrite": true,
        "html": false,
        "json": true
      },
      "version": "4.1.0"
    }
  }
}